2022-07-14 14:21:24,377 INFO: prefect.find_pipolbs[0] - GCA_020905835.1 - starting...
2022-07-14 14:21:35,366 INFO: prefect.find_pipolbs[0] - GCA_020905835.1 - done
2022-07-14 14:21:35,388 INFO: prefect.are_pipolbs_present[0] - GCA_020905835.1 - starting...
2022-07-14 14:21:35,388 INFO: prefect.are_pipolbs_present[0] - GCA_020905835.1 - done
2022-07-14 14:21:35,457 INFO: prefect.find_trnas[0] - GCA_020905835.1 - starting...
2022-07-14 14:21:38,219 INFO: prefect.find_trnas[0] - GCA_020905835.1 - done
2022-07-14 14:21:38,240 INFO: prefect.find_atts[0] - GCA_020905835.1 - starting...
2022-07-14 14:21:39,581 INFO: prefect.find_atts[0] - GCA_020905835.1 - done
2022-07-14 14:21:39,601 INFO: prefect.find_atts_denovo[0] - GCA_020905835.1 - starting...
2022-07-14 14:21:42,265 INFO: prefect.find_atts_denovo[0] - GCA_020905835.1 - done
2022-07-14 14:21:42,288 INFO: prefect.are_atts_present[0] - GCA_020905835.1 - starting...
2022-07-14 14:21:42,288 WARNING: prefect.are_atts_present[0] - GCA_020905835.1 - 

>>>No atts were found! Not able to define pipolin borders!

2022-07-14 14:21:42,288 INFO: prefect.are_atts_present[0] - GCA_020905835.1 - done
2022-07-14 14:21:42,308 INFO: prefect.find_pipolins[0] - GCA_020905835.1 - starting...
2022-07-14 14:21:42,308 INFO: prefect.find_pipolins[0] - GCA_020905835.1 - done
2022-07-14 14:21:42,336 INFO: prefect.reconstruct_pipolins[0] - GCA_020905835.1 - starting...
2022-07-14 14:21:42,337 INFO: prefect.reconstruct_pipolins[0] - GCA_020905835.1 - >>> Trying to reconstruct the structure from fragments:
2022-07-14 14:21:42,337 INFO: prefect.reconstruct_pipolins[0] - GCA_020905835.1 - contig CP086833.1: pol
2022-07-14 14:21:42,337 INFO: prefect.reconstruct_pipolins[0] - GCA_020905835.1 - >>> Reconstruction is done! The resulting pipolin variants are:
2022-07-14 14:21:42,337 INFO: prefect.reconstruct_pipolins[0] - GCA_020905835.1 - pol---pol
2022-07-14 14:21:42,337 INFO: prefect.reconstruct_pipolins[0] - GCA_020905835.1 - pol---pol
2022-07-14 14:21:42,337 INFO: prefect.reconstruct_pipolins[0] - GCA_020905835.1 - done
2022-07-14 14:21:42,379 INFO: prefect.save_pipolin_sequences[0] - GCA_020905835.1 - starting...
2022-07-14 14:21:42,411 INFO: prefect.save_pipolin_sequences[0] - GCA_020905835.1 - done
2022-07-14 14:21:42,432 INFO: prefect.annotate_pipolins[0] - GCA_020905835.1 - starting...
2022-07-14 14:22:36,732 INFO: prefect.annotate_pipolins[0] - GCA_020905835.1 - done
2022-07-14 14:22:36,756 INFO: prefect.generate_results[0] - GCA_020905835.1 - starting...
2022-07-14 14:22:36,805 INFO: prefect.generate_results[0] - GCA_020905835.1 - done
