2022-07-14 14:14:41,019 INFO: prefect.find_pipolbs[0] - GCA_003703875.1 - starting...
2022-07-14 14:14:43,346 INFO: prefect.find_pipolbs[0] - GCA_003703875.1 - done
2022-07-14 14:14:43,367 INFO: prefect.are_pipolbs_present[0] - GCA_003703875.1 - starting...
2022-07-14 14:14:43,367 INFO: prefect.are_pipolbs_present[0] - GCA_003703875.1 - done
2022-07-14 14:14:43,420 INFO: prefect.find_trnas[0] - GCA_003703875.1 - starting...
2022-07-14 14:14:44,009 INFO: prefect.find_trnas[0] - GCA_003703875.1 - done
2022-07-14 14:14:44,027 INFO: prefect.find_atts[0] - GCA_003703875.1 - starting...
2022-07-14 14:14:45,103 INFO: prefect.find_atts[0] - GCA_003703875.1 - done
2022-07-14 14:14:45,127 INFO: prefect.find_atts_denovo[0] - GCA_003703875.1 - starting...
2022-07-14 14:14:46,206 INFO: prefect.find_atts_denovo[0] - GCA_003703875.1 - done
2022-07-14 14:14:46,228 INFO: prefect.are_atts_present[0] - GCA_003703875.1 - starting...
2022-07-14 14:14:46,228 INFO: prefect.are_atts_present[0] - GCA_003703875.1 - done
2022-07-14 14:14:46,248 INFO: prefect.find_pipolins[0] - GCA_003703875.1 - starting...
2022-07-14 14:14:46,249 INFO: prefect.find_pipolins[0] - GCA_003703875.1 - done
2022-07-14 14:14:46,268 INFO: prefect.reconstruct_pipolins[0] - GCA_003703875.1 - starting...
2022-07-14 14:14:46,269 INFO: prefect.reconstruct_pipolins[0] - GCA_003703875.1 - >>> Trying to reconstruct the structure from fragments:
2022-07-14 14:14:46,269 INFO: prefect.reconstruct_pipolins[0] - GCA_003703875.1 - contig Z_PTLS01000038.1: (t)att1---pol---att1
2022-07-14 14:14:46,269 INFO: prefect.reconstruct_pipolins[0] - GCA_003703875.1 - >>> Reconstruction is done! The resulting pipolin variants are:
2022-07-14 14:14:46,269 INFO: prefect.reconstruct_pipolins[0] - GCA_003703875.1 - att1---pol---att1(t)
2022-07-14 14:14:46,270 INFO: prefect.reconstruct_pipolins[0] - GCA_003703875.1 - done
2022-07-14 14:14:46,288 INFO: prefect.save_pipolin_sequences[0] - GCA_003703875.1 - starting...
2022-07-14 14:14:46,299 INFO: prefect.save_pipolin_sequences[0] - GCA_003703875.1 - done
2022-07-14 14:14:46,317 INFO: prefect.annotate_pipolins[0] - GCA_003703875.1 - starting...
2022-07-14 14:15:00,917 INFO: prefect.annotate_pipolins[0] - GCA_003703875.1 - done
2022-07-14 14:15:00,940 INFO: prefect.generate_results[0] - GCA_003703875.1 - starting...
2022-07-14 14:15:00,949 INFO: prefect.generate_results[0] - GCA_003703875.1 - done
