2022-07-14 14:19:04,692 INFO: prefect.find_pipolbs[0] - GCA_013377875.1 - starting...
2022-07-14 14:19:09,601 INFO: prefect.find_pipolbs[0] - GCA_013377875.1 - done
2022-07-14 14:19:09,619 INFO: prefect.are_pipolbs_present[0] - GCA_013377875.1 - starting...
2022-07-14 14:19:09,619 INFO: prefect.are_pipolbs_present[0] - GCA_013377875.1 - done
2022-07-14 14:19:09,664 INFO: prefect.find_trnas[0] - GCA_013377875.1 - starting...
2022-07-14 14:19:10,965 INFO: prefect.find_trnas[0] - GCA_013377875.1 - done
2022-07-14 14:19:10,984 INFO: prefect.find_atts[0] - GCA_013377875.1 - starting...
2022-07-14 14:19:12,123 INFO: prefect.find_atts[0] - GCA_013377875.1 - done
2022-07-14 14:19:12,147 INFO: prefect.find_atts_denovo[0] - GCA_013377875.1 - starting...
2022-07-14 14:19:14,231 INFO: prefect.find_atts_denovo[0] - GCA_013377875.1 - done
2022-07-14 14:19:14,254 INFO: prefect.are_atts_present[0] - GCA_013377875.1 - starting...
2022-07-14 14:19:14,254 INFO: prefect.are_atts_present[0] - GCA_013377875.1 - done
2022-07-14 14:19:14,274 INFO: prefect.find_pipolins[0] - GCA_013377875.1 - starting...
2022-07-14 14:19:14,275 INFO: prefect.find_pipolins[0] - GCA_013377875.1 - done
2022-07-14 14:19:14,296 INFO: prefect.reconstruct_pipolins[0] - GCA_013377875.1 - starting...
2022-07-14 14:19:14,296 INFO: prefect.reconstruct_pipolins[0] - GCA_013377875.1 - >>> Trying to reconstruct the structure from fragments:
2022-07-14 14:19:14,296 INFO: prefect.reconstruct_pipolins[0] - GCA_013377875.1 - contig ABXOP010000061.1: pol
2022-07-14 14:19:14,296 INFO: prefect.reconstruct_pipolins[0] - GCA_013377875.1 - contig ABXOP010000078.1: (t)att1
2022-07-14 14:19:14,297 INFO: prefect.reconstruct_pipolins[0] - GCA_013377875.1 - contig ABXOP010000101.1: att1
2022-07-14 14:19:14,297 INFO: prefect.reconstruct_pipolins[0] - GCA_013377875.1 - >>> Reconstruction is done! The resulting pipolin variants are:
2022-07-14 14:19:14,314 INFO: prefect.reconstruct_pipolins[0] - GCA_013377875.1 - att1...pol---pol...att1(t)
2022-07-14 14:19:14,315 INFO: prefect.reconstruct_pipolins[0] - GCA_013377875.1 - att1...pol---pol...att1(t)
2022-07-14 14:19:14,315 INFO: prefect.reconstruct_pipolins[0] - GCA_013377875.1 - done
2022-07-14 14:19:14,337 INFO: prefect.save_pipolin_sequences[0] - GCA_013377875.1 - starting...
2022-07-14 14:19:14,362 INFO: prefect.save_pipolin_sequences[0] - GCA_013377875.1 - done
2022-07-14 14:19:14,382 INFO: prefect.annotate_pipolins[0] - GCA_013377875.1 - starting...
2022-07-14 14:20:04,488 INFO: prefect.annotate_pipolins[0] - GCA_013377875.1 - done
2022-07-14 14:20:04,512 INFO: prefect.generate_results[0] - GCA_013377875.1 - starting...
2022-07-14 14:20:04,561 INFO: prefect.generate_results[0] - GCA_013377875.1 - done
