2022-07-14 14:20:30,619 INFO: prefect.find_pipolbs[0] - GCA_016628745.1 - starting...
2022-07-14 14:20:34,882 INFO: prefect.find_pipolbs[0] - GCA_016628745.1 - done
2022-07-14 14:20:34,902 INFO: prefect.are_pipolbs_present[0] - GCA_016628745.1 - starting...
2022-07-14 14:20:34,902 INFO: prefect.are_pipolbs_present[0] - GCA_016628745.1 - done
2022-07-14 14:20:34,954 INFO: prefect.find_trnas[0] - GCA_016628745.1 - starting...
2022-07-14 14:20:35,972 INFO: prefect.find_trnas[0] - GCA_016628745.1 - done
2022-07-14 14:20:35,994 INFO: prefect.find_atts[0] - GCA_016628745.1 - starting...
2022-07-14 14:20:37,086 INFO: prefect.find_atts[0] - GCA_016628745.1 - done
2022-07-14 14:20:37,109 INFO: prefect.find_atts_denovo[0] - GCA_016628745.1 - starting...
2022-07-14 14:20:38,449 INFO: prefect.find_atts_denovo[0] - GCA_016628745.1 - done
2022-07-14 14:20:38,471 INFO: prefect.are_atts_present[0] - GCA_016628745.1 - starting...
2022-07-14 14:20:38,472 INFO: prefect.are_atts_present[0] - GCA_016628745.1 - done
2022-07-14 14:20:38,492 INFO: prefect.find_pipolins[0] - GCA_016628745.1 - starting...
2022-07-14 14:20:38,493 INFO: prefect.find_pipolins[0] - GCA_016628745.1 - done
2022-07-14 14:20:38,511 INFO: prefect.reconstruct_pipolins[0] - GCA_016628745.1 - starting...
2022-07-14 14:20:38,517 INFO: prefect.reconstruct_pipolins[0] - GCA_016628745.1 - >>> Trying to reconstruct the structure from fragments:
2022-07-14 14:20:38,517 INFO: prefect.reconstruct_pipolins[0] - GCA_016628745.1 - contig AACCM010000024.1: (t)att1---pol---att1
2022-07-14 14:20:38,517 INFO: prefect.reconstruct_pipolins[0] - GCA_016628745.1 - >>> Reconstruction is done! The resulting pipolin variants are:
2022-07-14 14:20:38,518 INFO: prefect.reconstruct_pipolins[0] - GCA_016628745.1 - att1---pol---att1(t)
2022-07-14 14:20:38,518 INFO: prefect.reconstruct_pipolins[0] - GCA_016628745.1 - done
2022-07-14 14:20:38,539 INFO: prefect.save_pipolin_sequences[0] - GCA_016628745.1 - starting...
2022-07-14 14:20:38,552 INFO: prefect.save_pipolin_sequences[0] - GCA_016628745.1 - done
2022-07-14 14:20:38,569 INFO: prefect.annotate_pipolins[0] - GCA_016628745.1 - starting...
2022-07-14 14:20:55,200 INFO: prefect.annotate_pipolins[0] - GCA_016628745.1 - done
2022-07-14 14:20:55,220 INFO: prefect.generate_results[0] - GCA_016628745.1 - starting...
2022-07-14 14:20:55,229 INFO: prefect.generate_results[0] - GCA_016628745.1 - done
