2022-07-14 14:22:36,941 INFO: prefect.find_pipolbs[0] - GCA_917083495.1 - starting...
2022-07-14 14:22:44,250 INFO: prefect.find_pipolbs[0] - GCA_917083495.1 - done
2022-07-14 14:22:44,272 INFO: prefect.are_pipolbs_present[0] - GCA_917083495.1 - starting...
2022-07-14 14:22:44,272 INFO: prefect.are_pipolbs_present[0] - GCA_917083495.1 - done
2022-07-14 14:22:44,320 INFO: prefect.find_trnas[0] - GCA_917083495.1 - starting...
2022-07-14 14:22:46,108 INFO: prefect.find_trnas[0] - GCA_917083495.1 - done
2022-07-14 14:22:46,131 INFO: prefect.find_atts[0] - GCA_917083495.1 - starting...
2022-07-14 14:22:47,236 INFO: prefect.find_atts[0] - GCA_917083495.1 - done
2022-07-14 14:22:47,258 INFO: prefect.find_atts_denovo[0] - GCA_917083495.1 - starting...
2022-07-14 14:22:48,322 INFO: prefect.find_atts_denovo[0] - GCA_917083495.1 - done
2022-07-14 14:22:48,343 INFO: prefect.are_atts_present[0] - GCA_917083495.1 - starting...
2022-07-14 14:22:48,343 INFO: prefect.are_atts_present[0] - GCA_917083495.1 - done
2022-07-14 14:22:48,365 INFO: prefect.find_pipolins[0] - GCA_917083495.1 - starting...
2022-07-14 14:22:48,371 INFO: prefect.find_pipolins[0] - GCA_917083495.1 - done
2022-07-14 14:22:48,394 INFO: prefect.reconstruct_pipolins[0] - GCA_917083495.1 - starting...
2022-07-14 14:22:48,394 INFO: prefect.reconstruct_pipolins[0] - GCA_917083495.1 - >>> Trying to reconstruct the structure from fragments:
2022-07-14 14:22:48,394 INFO: prefect.reconstruct_pipolins[0] - GCA_917083495.1 - contig AKEHY010000046.1: pol
2022-07-14 14:22:48,394 INFO: prefect.reconstruct_pipolins[0] - GCA_917083495.1 - contig AKEHY010000002.1: att1
2022-07-14 14:22:48,394 INFO: prefect.reconstruct_pipolins[0] - GCA_917083495.1 - contig AKEHY010000040.1: att1(t)
2022-07-14 14:22:48,395 INFO: prefect.reconstruct_pipolins[0] - GCA_917083495.1 - >>> Reconstruction is done! The resulting pipolin variants are:
2022-07-14 14:22:48,395 INFO: prefect.reconstruct_pipolins[0] - GCA_917083495.1 - att1...pol...att1(t)
2022-07-14 14:22:48,421 INFO: prefect.reconstruct_pipolins[0] - GCA_917083495.1 - att1...pol...att1(t)
2022-07-14 14:22:48,421 INFO: prefect.reconstruct_pipolins[0] - GCA_917083495.1 - done
2022-07-14 14:22:48,445 INFO: prefect.save_pipolin_sequences[0] - GCA_917083495.1 - starting...
2022-07-14 14:22:48,470 INFO: prefect.save_pipolin_sequences[0] - GCA_917083495.1 - done
2022-07-14 14:22:48,489 INFO: prefect.annotate_pipolins[0] - GCA_917083495.1 - starting...
2022-07-14 14:23:15,435 INFO: prefect.annotate_pipolins[0] - GCA_917083495.1 - done
2022-07-14 14:23:15,456 INFO: prefect.generate_results[0] - GCA_917083495.1 - starting...
2022-07-14 14:23:15,482 INFO: prefect.generate_results[0] - GCA_917083495.1 - done
