2022-07-14 14:20:55,349 INFO: prefect.find_pipolbs[0] - GCA_016859455.1 - starting...
2022-07-14 14:20:58,209 INFO: prefect.find_pipolbs[0] - GCA_016859455.1 - done
2022-07-14 14:20:58,230 INFO: prefect.are_pipolbs_present[0] - GCA_016859455.1 - starting...
2022-07-14 14:20:58,231 INFO: prefect.are_pipolbs_present[0] - GCA_016859455.1 - done
2022-07-14 14:20:58,291 INFO: prefect.find_trnas[0] - GCA_016859455.1 - starting...
2022-07-14 14:20:59,008 INFO: prefect.find_trnas[0] - GCA_016859455.1 - done
2022-07-14 14:20:59,028 INFO: prefect.find_atts[0] - GCA_016859455.1 - starting...
2022-07-14 14:21:00,162 INFO: prefect.find_atts[0] - GCA_016859455.1 - done
2022-07-14 14:21:00,186 INFO: prefect.find_atts_denovo[0] - GCA_016859455.1 - starting...
2022-07-14 14:21:01,247 INFO: prefect.find_atts_denovo[0] - GCA_016859455.1 - done
2022-07-14 14:21:01,269 INFO: prefect.are_atts_present[0] - GCA_016859455.1 - starting...
2022-07-14 14:21:01,269 WARNING: prefect.are_atts_present[0] - GCA_016859455.1 - 

>>>No atts were found! Not able to define pipolin borders!

2022-07-14 14:21:01,269 INFO: prefect.are_atts_present[0] - GCA_016859455.1 - done
2022-07-14 14:21:01,290 INFO: prefect.find_pipolins[0] - GCA_016859455.1 - starting...
2022-07-14 14:21:01,290 INFO: prefect.find_pipolins[0] - GCA_016859455.1 - done
2022-07-14 14:21:01,310 INFO: prefect.reconstruct_pipolins[0] - GCA_016859455.1 - starting...
2022-07-14 14:21:01,311 INFO: prefect.reconstruct_pipolins[0] - GCA_016859455.1 - >>> Trying to reconstruct the structure from fragments:
2022-07-14 14:21:01,318 INFO: prefect.reconstruct_pipolins[0] - GCA_016859455.1 - contig CP053009.1: pol
2022-07-14 14:21:01,318 INFO: prefect.reconstruct_pipolins[0] - GCA_016859455.1 - >>> Reconstruction is done! The resulting pipolin variants are:
2022-07-14 14:21:01,318 INFO: prefect.reconstruct_pipolins[0] - GCA_016859455.1 - pol
2022-07-14 14:21:01,318 INFO: prefect.reconstruct_pipolins[0] - GCA_016859455.1 - pol
2022-07-14 14:21:01,319 INFO: prefect.reconstruct_pipolins[0] - GCA_016859455.1 - done
2022-07-14 14:21:01,342 INFO: prefect.save_pipolin_sequences[0] - GCA_016859455.1 - starting...
2022-07-14 14:21:01,358 INFO: prefect.save_pipolin_sequences[0] - GCA_016859455.1 - done
2022-07-14 14:21:01,379 INFO: prefect.annotate_pipolins[0] - GCA_016859455.1 - starting...
2022-07-14 14:21:24,216 INFO: prefect.annotate_pipolins[0] - GCA_016859455.1 - done
2022-07-14 14:21:24,239 INFO: prefect.generate_results[0] - GCA_016859455.1 - starting...
2022-07-14 14:21:24,249 INFO: prefect.generate_results[0] - GCA_016859455.1 - done
