2022-07-14 14:14:14,552 INFO: prefect.find_pipolbs[0] - GCA_000700265.1 - starting...
2022-07-14 14:14:21,946 INFO: prefect.find_pipolbs[0] - GCA_000700265.1 - done
2022-07-14 14:14:21,987 INFO: prefect.are_pipolbs_present[0] - GCA_000700265.1 - starting...
2022-07-14 14:14:21,987 INFO: prefect.are_pipolbs_present[0] - GCA_000700265.1 - done
2022-07-14 14:14:22,030 INFO: prefect.find_trnas[0] - GCA_000700265.1 - starting...
2022-07-14 14:14:23,749 INFO: prefect.find_trnas[0] - GCA_000700265.1 - done
2022-07-14 14:14:23,771 INFO: prefect.find_atts[0] - GCA_000700265.1 - starting...
2022-07-14 14:14:24,937 INFO: prefect.find_atts[0] - GCA_000700265.1 - done
2022-07-14 14:14:24,959 INFO: prefect.find_atts_denovo[0] - GCA_000700265.1 - starting...
2022-07-14 14:14:26,348 INFO: prefect.find_atts_denovo[0] - GCA_000700265.1 - done
2022-07-14 14:14:26,371 INFO: prefect.are_atts_present[0] - GCA_000700265.1 - starting...
2022-07-14 14:14:26,371 INFO: prefect.are_atts_present[0] - GCA_000700265.1 - done
2022-07-14 14:14:26,392 INFO: prefect.find_pipolins[0] - GCA_000700265.1 - starting...
2022-07-14 14:14:26,393 INFO: prefect.find_pipolins[0] - GCA_000700265.1 - done
2022-07-14 14:14:26,412 INFO: prefect.reconstruct_pipolins[0] - GCA_000700265.1 - starting...
2022-07-14 14:14:26,412 INFO: prefect.reconstruct_pipolins[0] - GCA_000700265.1 - >>> Trying to reconstruct the structure from fragments:
2022-07-14 14:14:26,413 INFO: prefect.reconstruct_pipolins[0] - GCA_000700265.1 - contig Z_JNMI01000006.1: att1---pol---att1(t)
2022-07-14 14:14:26,413 INFO: prefect.reconstruct_pipolins[0] - GCA_000700265.1 - contig Z_JNMI01000174.1: att1(t)
2022-07-14 14:14:26,413 INFO: prefect.reconstruct_pipolins[0] - GCA_000700265.1 - >>> Reconstruction is done! The resulting pipolin variants are:
2022-07-14 14:14:26,413 INFO: prefect.reconstruct_pipolins[0] - GCA_000700265.1 - att1---pol---att1(t)
2022-07-14 14:14:26,414 INFO: prefect.reconstruct_pipolins[0] - GCA_000700265.1 - done
2022-07-14 14:14:26,431 INFO: prefect.save_pipolin_sequences[0] - GCA_000700265.1 - starting...
2022-07-14 14:14:26,457 INFO: prefect.save_pipolin_sequences[0] - GCA_000700265.1 - done
2022-07-14 14:14:26,476 INFO: prefect.annotate_pipolins[0] - GCA_000700265.1 - starting...
2022-07-14 14:14:40,888 INFO: prefect.annotate_pipolins[0] - GCA_000700265.1 - done
2022-07-14 14:14:40,910 INFO: prefect.generate_results[0] - GCA_000700265.1 - starting...
2022-07-14 14:14:40,923 INFO: prefect.generate_results[0] - GCA_000700265.1 - done
