2022-07-14 14:20:04,694 INFO: prefect.find_pipolbs[0] - GCA_015790535.1 - starting...
2022-07-14 14:20:14,059 INFO: prefect.find_pipolbs[0] - GCA_015790535.1 - done
2022-07-14 14:20:14,082 INFO: prefect.are_pipolbs_present[0] - GCA_015790535.1 - starting...
2022-07-14 14:20:14,082 INFO: prefect.are_pipolbs_present[0] - GCA_015790535.1 - done
2022-07-14 14:20:14,137 INFO: prefect.find_trnas[0] - GCA_015790535.1 - starting...
2022-07-14 14:20:15,841 INFO: prefect.find_trnas[0] - GCA_015790535.1 - done
2022-07-14 14:20:15,866 INFO: prefect.find_atts[0] - GCA_015790535.1 - starting...
2022-07-14 14:20:17,006 INFO: prefect.find_atts[0] - GCA_015790535.1 - done
2022-07-14 14:20:17,030 INFO: prefect.find_atts_denovo[0] - GCA_015790535.1 - starting...
2022-07-14 14:20:18,481 INFO: prefect.find_atts_denovo[0] - GCA_015790535.1 - done
2022-07-14 14:20:18,504 INFO: prefect.are_atts_present[0] - GCA_015790535.1 - starting...
2022-07-14 14:20:18,504 INFO: prefect.are_atts_present[0] - GCA_015790535.1 - done
2022-07-14 14:20:18,524 INFO: prefect.find_pipolins[0] - GCA_015790535.1 - starting...
2022-07-14 14:20:18,525 INFO: prefect.find_pipolins[0] - GCA_015790535.1 - done
2022-07-14 14:20:18,543 INFO: prefect.reconstruct_pipolins[0] - GCA_015790535.1 - starting...
2022-07-14 14:20:18,543 INFO: prefect.reconstruct_pipolins[0] - GCA_015790535.1 - >>> Trying to reconstruct the structure from fragments:
2022-07-14 14:20:18,543 INFO: prefect.reconstruct_pipolins[0] - GCA_015790535.1 - contig AXNJD010000053.1: (t)att1---pol---att1
2022-07-14 14:20:18,543 INFO: prefect.reconstruct_pipolins[0] - GCA_015790535.1 - >>> Reconstruction is done! The resulting pipolin variants are:
2022-07-14 14:20:18,543 INFO: prefect.reconstruct_pipolins[0] - GCA_015790535.1 - att1---pol---att1(t)
2022-07-14 14:20:18,543 INFO: prefect.reconstruct_pipolins[0] - GCA_015790535.1 - done
2022-07-14 14:20:18,587 INFO: prefect.save_pipolin_sequences[0] - GCA_015790535.1 - starting...
2022-07-14 14:20:18,615 INFO: prefect.save_pipolin_sequences[0] - GCA_015790535.1 - done
2022-07-14 14:20:18,633 INFO: prefect.annotate_pipolins[0] - GCA_015790535.1 - starting...
2022-07-14 14:20:30,487 INFO: prefect.annotate_pipolins[0] - GCA_015790535.1 - done
2022-07-14 14:20:30,508 INFO: prefect.generate_results[0] - GCA_015790535.1 - starting...
2022-07-14 14:20:30,515 INFO: prefect.generate_results[0] - GCA_015790535.1 - done
