2022-07-14 14:15:02,219 INFO: prefect.find_pipolbs[0] - GCA_003788595.2 - starting...
2022-07-14 14:17:14,667 INFO: prefect.find_pipolbs[0] - GCA_003788595.2 - done
2022-07-14 14:17:14,688 INFO: prefect.are_pipolbs_present[0] - GCA_003788595.2 - starting...
2022-07-14 14:17:14,688 INFO: prefect.are_pipolbs_present[0] - GCA_003788595.2 - done
2022-07-14 14:17:14,739 INFO: prefect.find_trnas[0] - GCA_003788595.2 - starting...
2022-07-14 14:17:51,429 INFO: prefect.find_trnas[0] - GCA_003788595.2 - done
2022-07-14 14:17:51,449 INFO: prefect.find_atts[0] - GCA_003788595.2 - starting...
2022-07-14 14:17:54,864 INFO: prefect.find_atts[0] - GCA_003788595.2 - done
2022-07-14 14:17:54,887 INFO: prefect.find_atts_denovo[0] - GCA_003788595.2 - starting...
2022-07-14 14:17:56,919 INFO: prefect.find_atts_denovo[0] - GCA_003788595.2 - done
2022-07-14 14:17:56,940 INFO: prefect.are_atts_present[0] - GCA_003788595.2 - starting...
2022-07-14 14:17:56,940 INFO: prefect.are_atts_present[0] - GCA_003788595.2 - done
2022-07-14 14:17:56,957 INFO: prefect.find_pipolins[0] - GCA_003788595.2 - starting...
2022-07-14 14:17:56,957 INFO: prefect.find_pipolins[0] - GCA_003788595.2 - done
2022-07-14 14:17:56,976 INFO: prefect.reconstruct_pipolins[0] - GCA_003788595.2 - starting...
2022-07-14 14:17:56,976 INFO: prefect.reconstruct_pipolins[0] - GCA_003788595.2 - >>> Trying to reconstruct the structure from fragments:
2022-07-14 14:17:56,976 INFO: prefect.reconstruct_pipolins[0] - GCA_003788595.2 - contig ML120830.1: att1---pol---att1
2022-07-14 14:17:56,976 INFO: prefect.reconstruct_pipolins[0] - GCA_003788595.2 - >>> Reconstruction is done! The resulting pipolin variants are:
2022-07-14 14:17:56,977 INFO: prefect.reconstruct_pipolins[0] - GCA_003788595.2 - att1---pol---att1
2022-07-14 14:17:56,977 INFO: prefect.reconstruct_pipolins[0] - GCA_003788595.2 - att1---pol---att1
2022-07-14 14:17:56,977 INFO: prefect.reconstruct_pipolins[0] - GCA_003788595.2 - done
2022-07-14 14:17:56,996 INFO: prefect.save_pipolin_sequences[0] - GCA_003788595.2 - starting...
2022-07-14 14:17:57,643 INFO: prefect.save_pipolin_sequences[0] - GCA_003788595.2 - done
2022-07-14 14:17:57,664 INFO: prefect.annotate_pipolins[0] - GCA_003788595.2 - starting...
2022-07-14 14:18:13,264 INFO: prefect.annotate_pipolins[0] - GCA_003788595.2 - done
2022-07-14 14:18:13,287 INFO: prefect.generate_results[0] - GCA_003788595.2 - starting...
2022-07-14 14:18:13,293 INFO: prefect.generate_results[0] - GCA_003788595.2 - done
