2022-07-14 14:18:13,415 INFO: prefect.find_pipolbs[0] - GCA_009183495.1 - starting...
2022-07-14 14:18:19,518 INFO: prefect.find_pipolbs[0] - GCA_009183495.1 - done
2022-07-14 14:18:19,547 INFO: prefect.are_pipolbs_present[0] - GCA_009183495.1 - starting...
2022-07-14 14:18:19,547 INFO: prefect.are_pipolbs_present[0] - GCA_009183495.1 - done
2022-07-14 14:18:19,600 INFO: prefect.find_trnas[0] - GCA_009183495.1 - starting...
2022-07-14 14:18:21,000 INFO: prefect.find_trnas[0] - GCA_009183495.1 - done
2022-07-14 14:18:21,020 INFO: prefect.find_atts[0] - GCA_009183495.1 - starting...
2022-07-14 14:18:22,294 INFO: prefect.find_atts[0] - GCA_009183495.1 - done
2022-07-14 14:18:22,316 INFO: prefect.find_atts_denovo[0] - GCA_009183495.1 - starting...
2022-07-14 14:18:23,382 INFO: prefect.find_atts_denovo[0] - GCA_009183495.1 - done
2022-07-14 14:18:23,405 INFO: prefect.are_atts_present[0] - GCA_009183495.1 - starting...
2022-07-14 14:18:23,405 INFO: prefect.are_atts_present[0] - GCA_009183495.1 - done
2022-07-14 14:18:23,425 INFO: prefect.find_pipolins[0] - GCA_009183495.1 - starting...
2022-07-14 14:18:23,426 INFO: prefect.find_pipolins[0] - GCA_009183495.1 - done
2022-07-14 14:18:23,444 INFO: prefect.reconstruct_pipolins[0] - GCA_009183495.1 - starting...
2022-07-14 14:18:23,444 INFO: prefect.reconstruct_pipolins[0] - GCA_009183495.1 - >>> Trying to reconstruct the structure from fragments:
2022-07-14 14:18:23,444 INFO: prefect.reconstruct_pipolins[0] - GCA_009183495.1 - contig WEKD01000046.1: pol
2022-07-14 14:18:23,463 INFO: prefect.reconstruct_pipolins[0] - GCA_009183495.1 - contig WEKD01000047.1: att1
2022-07-14 14:18:23,463 INFO: prefect.reconstruct_pipolins[0] - GCA_009183495.1 - contig WEKD01000072.1: (t)att1
2022-07-14 14:18:23,463 INFO: prefect.reconstruct_pipolins[0] - GCA_009183495.1 - >>> Reconstruction is done! The resulting pipolin variants are:
2022-07-14 14:18:23,464 INFO: prefect.reconstruct_pipolins[0] - GCA_009183495.1 - att1...pol...att1(t)
2022-07-14 14:18:23,464 INFO: prefect.reconstruct_pipolins[0] - GCA_009183495.1 - att1...pol...att1(t)
2022-07-14 14:18:23,464 INFO: prefect.reconstruct_pipolins[0] - GCA_009183495.1 - done
2022-07-14 14:18:23,483 INFO: prefect.save_pipolin_sequences[0] - GCA_009183495.1 - starting...
2022-07-14 14:18:23,502 INFO: prefect.save_pipolin_sequences[0] - GCA_009183495.1 - done
2022-07-14 14:18:23,521 INFO: prefect.annotate_pipolins[0] - GCA_009183495.1 - starting...
2022-07-14 14:19:04,493 INFO: prefect.annotate_pipolins[0] - GCA_009183495.1 - done
2022-07-14 14:19:04,516 INFO: prefect.generate_results[0] - GCA_009183495.1 - starting...
2022-07-14 14:19:04,557 INFO: prefect.generate_results[0] - GCA_009183495.1 - done
